{"meta": {"format": 3, "version": "7.11.3", "timestamp": "2025-11-14T22:40:11.749677", "branch_coverage": true, "show_contexts": false}, "files": {"download\\__init__.py": {"executed_lines": [1], "summary": {"covered_lines": 0, "num_statements": 0, "percent_covered": 100.0, "percent_covered_display": "100.00", "missing_lines": 0, "excluded_lines": 0, "num_branches": 0, "num_partial_branches": 0, "covered_branches": 0, "missing_branches": 0}, "missing_lines": [], "excluded_lines": [], "executed_branches": [], "missing_branches": [], "functions": {"": {"executed_lines": [1], "summary": {"covered_lines": 0, "num_statements": 0, "percent_covered": 100.0, "percent_covered_display": "100.00", "missing_lines": 0, "excluded_lines": 0, "num_branches": 0, "num_partial_branches": 0, "covered_branches": 0, "missing_branches": 0}, "missing_lines": [], "excluded_lines": [], "executed_branches": [], "missing_branches": []}}, "classes": {"": {"executed_lines": [1], "summary": {"covered_lines": 0, "num_statements": 0, "percent_covered": 100.0, "percent_covered_display": "100.00", "missing_lines": 0, "excluded_lines": 0, "num_branches": 0, "num_partial_branches": 0, "covered_branches": 0, "missing_branches": 0}, "missing_lines": [], "excluded_lines": [], "executed_branches": [], "missing_branches": []}}}, "download\\scraper.py": {"executed_lines": [1, 8, 9, 10, 11, 12, 13, 14, 15, 16, 18, 19, 22, 23, 33, 34, 35, 36, 39, 45, 46, 53, 59, 60, 62, 71, 75, 76, 77, 80, 90, 92, 93, 94, 95, 96, 97, 98, 99, 100, 101, 103, 104, 109, 119, 120, 121, 124, 126, 127, 128, 129, 130, 132, 133, 134, 135, 137, 138, 139, 140, 143, 144, 146, 147, 148, 150, 153, 163, 164, 165, 169, 170, 171, 172, 175, 176, 177, 178, 181, 182, 183, 185, 186, 188, 189, 190, 192, 195, 205, 206, 207, 211, 219, 220, 221, 222, 223, 225, 228, 229, 230, 231, 232, 233, 235, 236, 243, 253, 254, 255, 258, 265, 266, 267, 268, 270, 271, 273, 275, 276, 283, 293, 294, 295, 298, 305, 306, 307, 308, 310, 311, 313, 315, 316, 323, 333, 334, 335, 338, 346, 347, 348, 349, 350, 352, 354, 355, 362, 373, 375, 376, 377, 378, 379, 381, 382, 385, 386, 387, 388, 389, 391, 395, 398, 408, 409, 410, 412, 413, 415, 416, 418, 419, 420, 424, 425, 427, 428, 430, 431, 433, 434, 437, 447, 449, 450, 451, 452, 454, 456, 457, 458, 460, 461, 464, 474, 476, 477, 478, 479, 480, 481, 483, 486, 495, 497, 498, 499, 500, 501, 503, 507, 510, 516, 535, 542, 549, 557, 564, 567, 573, 574, 576, 579, 580, 582, 583, 584, 587, 590, 592, 594, 597], "summary": {"covered_lines": 232, "num_statements": 251, "percent_covered": 90.25787965616045, "percent_covered_display": "90.26", "missing_lines": 19, "excluded_lines": 2, "num_branches": 98, "num_partial_branches": 13, "covered_branches": 83, "missing_branches": 15}, "missing_lines": [106, 141, 142, 238, 239, 240, 278, 279, 280, 318, 319, 320, 357, 358, 359, 390, 392, 504, 505], "excluded_lines": [597, 598], "executed_branches": [[92, 93], [100, 101], [100, 103], [124, 126], [124, 135], [126, 127], [126, 128], [128, 129], [128, 130], [130, 132], [130, 146], [132, 133], [132, 146], [133, 134], [135, 137], [137, 138], [137, 146], [138, 139], [138, 143], [139, 140], [143, 144], [169, 170], [169, 175], [171, 172], [175, 176], [175, 181], [177, 178], [181, 182], [181, 188], [182, 183], [182, 188], [185, 186], [219, 220], [219, 228], [221, 219], [221, 222], [223, 221], [223, 225], [230, 231], [230, 235], [231, 230], [231, 232], [265, 266], [265, 275], [267, 265], [267, 268], [271, 273], [305, 306], [305, 315], [307, 305], [307, 308], [311, 313], [346, 347], [346, 354], [348, 346], [348, 349], [350, 352], [373, 375], [373, 381], [381, 382], [381, 385], [385, 386], [385, 387], [387, 388], [387, 389], [389, 391], [391, 395], [408, 409], [408, 412], [418, 419], [418, 430], [450, 451], [450, 454], [456, 457], [456, 460], [476, 477], [476, 483], [497, 498], [497, 507], [500, 501], [500, 503], [582, 583], [582, 587]], "missing_branches": [[92, 106], [133, 132], [135, 146], [139, 141], [141, 137], [141, 142], [143, 137], [171, 169], [177, 175], [185, 182], [271, 267], [311, 307], [350, 348], [389, 390], [391, 392]], "functions": {"setup_logging": {"executed_lines": [45, 46], "summary": {"covered_lines": 2, "num_statements": 2, "percent_covered": 100.0, "percent_covered_display": "100.00", "missing_lines": 0, "excluded_lines": 0, "num_branches": 0, "num_partial_branches": 0, "covered_branches": 0, "missing_branches": 0}, "missing_lines": [], "excluded_lines": [], "executed_branches": [], "missing_branches": []}, "create_database": {"executed_lines": [59, 60, 62, 71, 75, 76, 77], "summary": {"covered_lines": 7, "num_statements": 7, "percent_covered": 100.0, "percent_covered_display": "100.00", "missing_lines": 0, "excluded_lines": 0, "num_branches": 0, "num_partial_branches": 0, "covered_branches": 0, "missing_branches": 0}, "missing_lines": [], "excluded_lines": [], "executed_branches": [], "missing_branches": []}, "fetch_url": {"executed_lines": [90, 92, 93, 94, 95, 96, 97, 98, 99, 100, 101, 103, 104], "summary": {"covered_lines": 13, "num_statements": 14, "percent_covered": 88.88888888888889, "percent_covered_display": "88.89", "missing_lines": 1, "excluded_lines": 0, "num_branches": 4, "num_partial_branches": 1, "covered_branches": 3, "missing_branches": 1}, "missing_lines": [106], "excluded_lines": [], "executed_branches": [[92, 93], [100, 101], [100, 103]], "missing_branches": [[92, 106]]}, "extract_quotes_from_json": {"executed_lines": [119, 120, 121, 124, 126, 127, 128, 129, 130, 132, 133, 134, 135, 137, 138, 139, 140, 143, 144, 146, 147, 148, 150], "summary": {"covered_lines": 23, "num_statements": 25, "percent_covered": 83.6734693877551, "percent_covered_display": "83.67", "missing_lines": 2, "excluded_lines": 0, "num_branches": 24, "num_partial_branches": 4, "covered_branches": 18, "missing_branches": 6}, "missing_lines": [141, 142], "excluded_lines": [], "executed_branches": [[124, 126], [124, 135], [126, 127], [126, 128], [128, 129], [128, 130], [130, 132], [130, 146], [132, 133], [132, 146], [133, 134], [135, 137], [137, 138], [137, 146], [138, 139], [138, 143], [139, 140], [143, 144]], "missing_branches": [[133, 132], [135, 146], [139, 141], [141, 137], [141, 142], [143, 137]]}, "extract_quotes_from_html": {"executed_lines": [163, 164, 165, 169, 170, 171, 172, 175, 176, 177, 178, 181, 182, 183, 185, 186, 188, 189, 190, 192], "summary": {"covered_lines": 20, "num_statements": 20, "percent_covered": 91.17647058823529, "percent_covered_display": "91.18", "missing_lines": 0, "excluded_lines": 0, "num_branches": 14, "num_partial_branches": 3, "covered_branches": 11, "missing_branches": 3}, "missing_lines": [], "excluded_lines": [], "executed_branches": [[169, 170], [169, 175], [171, 172], [175, 176], [175, 181], [177, 178], [181, 182], [181, 188], [182, 183], [182, 188], [185, 186]], "missing_branches": [[171, 169], [177, 175], [185, 182]]}, "extract_quotes_from_parade": {"executed_lines": [205, 206, 207, 211, 219, 220, 221, 222, 223, 225, 228, 229, 230, 231, 232, 233, 235, 236], "summary": {"covered_lines": 18, "num_statements": 21, "percent_covered": 90.3225806451613, "percent_covered_display": "90.32", "missing_lines": 3, "excluded_lines": 0, "num_branches": 10, "num_partial_branches": 0, "covered_branches": 10, "missing_branches": 0}, "missing_lines": [238, 239, 240], "excluded_lines": [], "executed_branches": [[219, 220], [219, 228], [221, 219], [221, 222], [223, 221], [223, 225], [230, 231], [230, 235], [231, 230], [231, 232]], "missing_branches": []}, "extract_quotes_from_thefactsite": {"executed_lines": [253, 254, 255, 258, 265, 266, 267, 268, 270, 271, 273, 275, 276], "summary": {"covered_lines": 13, "num_statements": 16, "percent_covered": 81.81818181818181, "percent_covered_display": "81.82", "missing_lines": 3, "excluded_lines": 0, "num_branches": 6, "num_partial_branches": 1, "covered_branches": 5, "missing_branches": 1}, "missing_lines": [278, 279, 280], "excluded_lines": [], "executed_branches": [[265, 266], [265, 275], [267, 265], [267, 268], [271, 273]], "missing_branches": [[271, 267]]}, "extract_quotes_from_chucknorrisfacts_fr": {"executed_lines": [293, 294, 295, 298, 305, 306, 307, 308, 310, 311, 313, 315, 316], "summary": {"covered_lines": 13, "num_statements": 16, "percent_covered": 81.81818181818181, "percent_covered_display": "81.82", "missing_lines": 3, "excluded_lines": 0, "num_branches": 6, "num_partial_branches": 1, "covered_branches": 5, "missing_branches": 1}, "missing_lines": [318, 319, 320], "excluded_lines": [], "executed_branches": [[305, 306], [305, 315], [307, 305], [307, 308], [311, 313]], "missing_branches": [[311, 307]]}, "extract_quotes_from_factinate": {"executed_lines": [333, 334, 335, 338, 346, 347, 348, 349, 350, 352, 354, 355], "summary": {"covered_lines": 12, "num_statements": 15, "percent_covered": 80.95238095238095, "percent_covered_display": "80.95", "missing_lines": 3, "excluded_lines": 0, "num_branches": 6, "num_partial_branches": 1, "covered_branches": 5, "missing_branches": 1}, "missing_lines": [357, 358, 359], "excluded_lines": [], "executed_branches": [[346, 347], [346, 354], [348, 346], [348, 349], [350, 352]], "missing_branches": [[350, 348]]}, "extract_quotes": {"executed_lines": [373, 375, 376, 377, 378, 379, 381, 382, 385, 386, 387, 388, 389, 391, 395], "summary": {"covered_lines": 15, "num_statements": 17, "percent_covered": 86.20689655172414, "percent_covered_display": "86.21", "missing_lines": 2, "excluded_lines": 0, "num_branches": 12, "num_partial_branches": 2, "covered_branches": 10, "missing_branches": 2}, "missing_lines": [390, 392], "excluded_lines": [], "executed_branches": [[373, 375], [373, 381], [381, 382], [381, 385], [385, 386], [385, 387], [387, 388], [387, 389], [389, 391], [391, 395]], "missing_branches": [[389, 390], [391, 392]]}, "save_quotes_to_db": {"executed_lines": [408, 409, 410, 412, 413, 415, 416, 418, 419, 420, 424, 425, 427, 428, 430, 431, 433, 434], "summary": {"covered_lines": 18, "num_statements": 18, "percent_covered": 100.0, "percent_covered_display": "100.00", "missing_lines": 0, "excluded_lines": 0, "num_branches": 4, "num_partial_branches": 0, "covered_branches": 4, "missing_branches": 0}, "missing_lines": [], "excluded_lines": [], "executed_branches": [[408, 409], [408, 412], [418, 419], [418, 430]], "missing_branches": []}, "scrape_source": {"executed_lines": [447, 449, 450, 451, 452, 454, 456, 457, 458, 460, 461], "summary": {"covered_lines": 11, "num_statements": 11, "percent_covered": 100.0, "percent_covered_display": "100.00", "missing_lines": 0, "excluded_lines": 0, "num_branches": 4, "num_partial_branches": 0, "covered_branches": 4, "missing_branches": 0}, "missing_lines": [], "excluded_lines": [], "executed_branches": [[450, 451], [450, 454], [456, 457], [456, 460]], "missing_branches": []}, "scrape_all_sources": {"executed_lines": [474, 476, 477, 478, 479, 480, 481, 483], "summary": {"covered_lines": 8, "num_statements": 8, "percent_covered": 100.0, "percent_covered_display": "100.00", "missing_lines": 0, "excluded_lines": 0, "num_branches": 2, "num_partial_branches": 0, "covered_branches": 2, "missing_branches": 0}, "missing_lines": [], "excluded_lines": [], "executed_branches": [[476, 477], [476, 483]], "missing_branches": []}, "validate_sources": {"executed_lines": [495, 497, 498, 499, 500, 501, 503, 507], "summary": {"covered_lines": 8, "num_statements": 10, "percent_covered": 85.71428571428571, "percent_covered_display": "85.71", "missing_lines": 2, "excluded_lines": 0, "num_branches": 4, "num_partial_branches": 0, "covered_branches": 4, "missing_branches": 0}, "missing_lines": [504, 505], "excluded_lines": [], "executed_branches": [[497, 498], [497, 507], [500, 501], [500, 503]], "missing_branches": []}, "parse_arguments": {"executed_lines": [516, 535, 542, 549, 557, 564], "summary": {"covered_lines": 6, "num_statements": 6, "percent_covered": 100.0, "percent_covered_display": "100.00", "missing_lines": 0, "excluded_lines": 0, "num_branches": 0, "num_partial_branches": 0, "covered_branches": 0, "missing_branches": 0}, "missing_lines": [], "excluded_lines": [], "executed_branches": [], "missing_branches": []}, "main": {"executed_lines": [573, 574, 576, 579, 580, 582, 583, 584, 587, 590, 592, 594], "summary": {"covered_lines": 12, "num_statements": 12, "percent_covered": 100.0, "percent_covered_display": "100.00", "missing_lines": 0, "excluded_lines": 0, "num_branches": 2, "num_partial_branches": 0, "covered_branches": 2, "missing_branches": 0}, "missing_lines": [], "excluded_lines": [], "executed_branches": [[582, 583], [582, 587]], "missing_branches": []}, "": {"executed_lines": [1, 8, 9, 10, 11, 12, 13, 14, 15, 16, 18, 19, 22, 23, 33, 34, 35, 36, 39, 53, 80, 109, 153, 195, 243, 283, 323, 362, 398, 437, 464, 486, 510, 567, 597], "summary": {"covered_lines": 33, "num_statements": 33, "percent_covered": 100.0, "percent_covered_display": "100.00", "missing_lines": 0, "excluded_lines": 2, "num_branches": 0, "num_partial_branches": 0, "covered_branches": 0, "missing_branches": 0}, "missing_lines": [], "excluded_lines": [597, 598], "executed_branches": [], "missing_branches": []}}, "classes": {"": {"executed_lines": [1, 8, 9, 10, 11, 12, 13, 14, 15, 16, 18, 19, 22, 23, 33, 34, 35, 36, 39, 45, 46, 53, 59, 60, 62, 71, 75, 76, 77, 80, 90, 92, 93, 94, 95, 96, 97, 98, 99, 100, 101, 103, 104, 109, 119, 120, 121, 124, 126, 127, 128, 129, 130, 132, 133, 134, 135, 137, 138, 139, 140, 143, 144, 146, 147, 148, 150, 153, 163, 164, 165, 169, 170, 171, 172, 175, 176, 177, 178, 181, 182, 183, 185, 186, 188, 189, 190, 192, 195, 205, 206, 207, 211, 219, 220, 221, 222, 223, 225, 228, 229, 230, 231, 232, 233, 235, 236, 243, 253, 254, 255, 258, 265, 266, 267, 268, 270, 271, 273, 275, 276, 283, 293, 294, 295, 298, 305, 306, 307, 308, 310, 311, 313, 315, 316, 323, 333, 334, 335, 338, 346, 347, 348, 349, 350, 352, 354, 355, 362, 373, 375, 376, 377, 378, 379, 381, 382, 385, 386, 387, 388, 389, 391, 395, 398, 408, 409, 410, 412, 413, 415, 416, 418, 419, 420, 424, 425, 427, 428, 430, 431, 433, 434, 437, 447, 449, 450, 451, 452, 454, 456, 457, 458, 460, 461, 464, 474, 476, 477, 478, 479, 480, 481, 483, 486, 495, 497, 498, 499, 500, 501, 503, 507, 510, 516, 535, 542, 549, 557, 564, 567, 573, 574, 576, 579, 580, 582, 583, 584, 587, 590, 592, 594, 597], "summary": {"covered_lines": 232, "num_statements": 251, "percent_covered": 90.25787965616045, "percent_covered_display": "90.26", "missing_lines": 19, "excluded_lines": 2, "num_branches": 98, "num_partial_branches": 13, "covered_branches": 83, "missing_branches": 15}, "missing_lines": [106, 141, 142, 238, 239, 240, 278, 279, 280, 318, 319, 320, 357, 358, 359, 390, 392, 504, 505], "excluded_lines": [597, 598], "executed_branches": [[92, 93], [100, 101], [100, 103], [124, 126], [124, 135], [126, 127], [126, 128], [128, 129], [128, 130], [130, 132], [130, 146], [132, 133], [132, 146], [133, 134], [135, 137], [137, 138], [137, 146], [138, 139], [138, 143], [139, 140], [143, 144], [169, 170], [169, 175], [171, 172], [175, 176], [175, 181], [177, 178], [181, 182], [181, 188], [182, 183], [182, 188], [185, 186], [219, 220], [219, 228], [221, 219], [221, 222], [223, 221], [223, 225], [230, 231], [230, 235], [231, 230], [231, 232], [265, 266], [265, 275], [267, 265], [267, 268], [271, 273], [305, 306], [305, 315], [307, 305], [307, 308], [311, 313], [346, 347], [346, 354], [348, 346], [348, 349], [350, 352], [373, 375], [373, 381], [381, 382], [381, 385], [385, 386], [385, 387], [387, 388], [387, 389], [389, 391], [391, 395], [408, 409], [408, 412], [418, 419], [418, 430], [450, 451], [450, 454], [456, 457], [456, 460], [476, 477], [476, 483], [497, 498], [497, 507], [500, 501], [500, 503], [582, 583], [582, 587]], "missing_branches": [[92, 106], [133, 132], [135, 146], [139, 141], [141, 137], [141, 142], [143, 137], [171, 169], [177, 175], [185, 182], [271, 267], [311, 307], [350, 348], [389, 390], [391, 392]]}}}, "quotes\\__init__.py": {"executed_lines": [1], "summary": {"covered_lines": 0, "num_statements": 0, "percent_covered": 100.0, "percent_covered_display": "100.00", "missing_lines": 0, "excluded_lines": 0, "num_branches": 0, "num_partial_branches": 0, "covered_branches": 0, "missing_branches": 0}, "missing_lines": [], "excluded_lines": [], "executed_branches": [], "missing_branches": [], "functions": {"": {"executed_lines": [1], "summary": {"covered_lines": 0, "num_statements": 0, "percent_covered": 100.0, "percent_covered_display": "100.00", "missing_lines": 0, "excluded_lines": 0, "num_branches": 0, "num_partial_branches": 0, "covered_branches": 0, "missing_branches": 0}, "missing_lines": [], "excluded_lines": [], "executed_branches": [], "missing_branches": []}}, "classes": {"": {"executed_lines": [1], "summary": {"covered_lines": 0, "num_statements": 0, "percent_covered": 100.0, "percent_covered_display": "100.00", "missing_lines": 0, "excluded_lines": 0, "num_branches": 0, "num_partial_branches": 0, "covered_branches": 0, "missing_branches": 0}, "missing_lines": [], "excluded_lines": [], "executed_branches": [], "missing_branches": []}}}, "quotes\\generator.py": {"executed_lines": [1, 8, 9, 10, 11, 12, 13, 14, 15, 16, 19, 20, 21, 22, 23, 26, 32, 33, 40, 49, 50, 51, 53, 54, 55, 56, 57, 58, 60, 61, 62, 64, 65, 67, 68, 69, 72, 81, 82, 83, 84, 85, 87, 88, 91, 101, 102, 103, 107, 108, 110, 111, 117, 120, 136, 137, 138, 141, 143, 144, 145, 148, 150, 151, 157, 159, 162, 165, 166, 167, 168, 169, 171, 172, 175, 182, 184, 185, 187, 188, 191, 198, 201, 211, 212, 214, 215, 218, 225, 227, 228, 230, 231, 232, 241, 242, 245, 257, 258, 259, 262, 263, 265, 267, 268, 269, 270, 271, 272, 273, 275, 277, 278, 281, 282, 285, 291, 316, 324, 331, 337, 345, 352, 359, 362, 371, 372, 373, 375, 376, 377, 379, 382, 388, 389, 392, 393, 395, 398, 399, 402, 404, 405, 406, 409, 411, 412, 415], "summary": {"covered_lines": 146, "num_statements": 146, "percent_covered": 97.97979797979798, "percent_covered_display": "97.98", "missing_lines": 0, "excluded_lines": 2, "num_branches": 52, "num_partial_branches": 4, "covered_branches": 48, "missing_branches": 4}, "missing_lines": [], "excluded_lines": [415, 416], "executed_branches": [[49, 50], [49, 53], [60, 61], [60, 64], [110, 111], [110, 117], [136, 137], [136, 141], [143, 144], [143, 148], [150, 151], [150, 157], [157, 159], [157, 162], [166, 167], [166, 171], [168, 169], [184, 185], [184, 187], [187, 188], [214, 215], [231, 232], [231, 241], [241, 242], [257, 258], [257, 262], [262, 263], [262, 265], [268, 269], [268, 270], [270, 271], [270, 272], [272, 273], [272, 275], [277, 278], [277, 281], [281, -245], [281, 282], [371, 372], [371, 375], [375, 376], [375, 379], [392, 393], [392, 395], [398, 399], [398, 402], [404, 405], [404, 409]], "missing_branches": [[168, 166], [187, -175], [214, -191], [241, -218]], "functions": {"setup_logging": {"executed_lines": [32, 33], "summary": {"covered_lines": 2, "num_statements": 2, "percent_covered": 100.0, "percent_covered_display": "100.00", "missing_lines": 0, "excluded_lines": 0, "num_branches": 0, "num_partial_branches": 0, "covered_branches": 0, "missing_branches": 0}, "missing_lines": [], "excluded_lines": [], "executed_branches": [], "missing_branches": []}, "validate_database": {"executed_lines": [49, 50, 51, 53, 54, 55, 56, 57, 58, 60, 61, 62, 64, 65, 67, 68, 69], "summary": {"covered_lines": 17, "num_statements": 17, "percent_covered": 100.0, "percent_covered_display": "100.00", "missing_lines": 0, "excluded_lines": 0, "num_branches": 4, "num_partial_branches": 0, "covered_branches": 4, "missing_branches": 0}, "missing_lines": [], "excluded_lines": [], "executed_branches": [[49, 50], [49, 53], [60, 61], [60, 64]], "missing_branches": []}, "get_all_quote_ids": {"executed_lines": [81, 82, 83, 84, 85, 87, 88], "summary": {"covered_lines": 7, "num_statements": 7, "percent_covered": 100.0, "percent_covered_display": "100.00", "missing_lines": 0, "excluded_lines": 0, "num_branches": 0, "num_partial_branches": 0, "covered_branches": 0, "missing_branches": 0}, "missing_lines": [], "excluded_lines": [], "executed_branches": [], "missing_branches": []}, "get_quote_by_id": {"executed_lines": [101, 102, 103, 107, 108, 110, 111, 117], "summary": {"covered_lines": 8, "num_statements": 8, "percent_covered": 100.0, "percent_covered_display": "100.00", "missing_lines": 0, "excluded_lines": 0, "num_branches": 2, "num_partial_branches": 0, "covered_branches": 2, "missing_branches": 0}, "missing_lines": [], "excluded_lines": [], "executed_branches": [[110, 111], [110, 117]], "missing_branches": []}, "generate_quotes": {"executed_lines": [136, 137, 138, 141, 143, 144, 145, 148, 150, 151, 157, 159, 162, 165, 166, 167, 168, 169, 171, 172], "summary": {"covered_lines": 20, "num_statements": 20, "percent_covered": 96.875, "percent_covered_display": "96.88", "missing_lines": 0, "excluded_lines": 0, "num_branches": 12, "num_partial_branches": 1, "covered_branches": 11, "missing_branches": 1}, "missing_lines": [], "excluded_lines": [], "executed_branches": [[136, 137], [136, 141], [143, 144], [143, 148], [150, 151], [150, 157], [157, 159], [157, 162], [166, 167], [166, 171], [168, 169]], "missing_branches": [[168, 166]]}, "export_quotes_text": {"executed_lines": [182, 184, 185, 187, 188], "summary": {"covered_lines": 5, "num_statements": 5, "percent_covered": 88.88888888888889, "percent_covered_display": "88.89", "missing_lines": 0, "excluded_lines": 0, "num_branches": 4, "num_partial_branches": 1, "covered_branches": 3, "missing_branches": 1}, "missing_lines": [], "excluded_lines": [], "executed_branches": [[184, 185], [184, 187], [187, 188]], "missing_branches": [[187, -175]]}, "export_quotes_json": {"executed_lines": [198, 201, 211, 212, 214, 215], "summary": {"covered_lines": 6, "num_statements": 6, "percent_covered": 87.5, "percent_covered_display": "87.50", "missing_lines": 0, "excluded_lines": 0, "num_branches": 2, "num_partial_branches": 1, "covered_branches": 1, "missing_branches": 1}, "missing_lines": [], "excluded_lines": [], "executed_branches": [[214, 215]], "missing_branches": [[214, -191]]}, "export_quotes_csv": {"executed_lines": [225, 227, 228, 230, 231, 232, 241, 242], "summary": {"covered_lines": 8, "num_statements": 8, "percent_covered": 91.66666666666667, "percent_covered_display": "91.67", "missing_lines": 0, "excluded_lines": 0, "num_branches": 4, "num_partial_branches": 1, "covered_branches": 3, "missing_branches": 1}, "missing_lines": [], "excluded_lines": [], "executed_branches": [[231, 232], [231, 241], [241, 242]], "missing_branches": [[241, -218]]}, "export_quotes": {"executed_lines": [257, 258, 259, 262, 263, 265, 267, 268, 269, 270, 271, 272, 273, 275, 277, 278, 281, 282], "summary": {"covered_lines": 18, "num_statements": 18, "percent_covered": 100.0, "percent_covered_display": "100.00", "missing_lines": 0, "excluded_lines": 0, "num_branches": 14, "num_partial_branches": 0, "covered_branches": 14, "missing_branches": 0}, "missing_lines": [], "excluded_lines": [], "executed_branches": [[257, 258], [257, 262], [262, 263], [262, 265], [268, 269], [268, 270], [270, 271], [270, 272], [272, 273], [272, 275], [277, 278], [277, 281], [281, -245], [281, 282]], "missing_branches": []}, "parse_arguments": {"executed_lines": [291, 316, 324, 331, 337, 345, 352, 359], "summary": {"covered_lines": 8, "num_statements": 8, "percent_covered": 100.0, "percent_covered_display": "100.00", "missing_lines": 0, "excluded_lines": 0, "num_branches": 0, "num_partial_branches": 0, "covered_branches": 0, "missing_branches": 0}, "missing_lines": [], "excluded_lines": [], "executed_branches": [], "missing_branches": []}, "validate_arguments": {"executed_lines": [371, 372, 373, 375, 376, 377, 379], "summary": {"covered_lines": 7, "num_statements": 7, "percent_covered": 100.0, "percent_covered_display": "100.00", "missing_lines": 0, "excluded_lines": 0, "num_branches": 4, "num_partial_branches": 0, "covered_branches": 4, "missing_branches": 0}, "missing_lines": [], "excluded_lines": [], "executed_branches": [[371, 372], [371, 375], [375, 376], [375, 379]], "missing_branches": []}, "main": {"executed_lines": [388, 389, 392, 393, 395, 398, 399, 402, 404, 405, 406, 409, 411, 412], "summary": {"covered_lines": 14, "num_statements": 14, "percent_covered": 100.0, "percent_covered_display": "100.00", "missing_lines": 0, "excluded_lines": 0, "num_branches": 6, "num_partial_branches": 0, "covered_branches": 6, "missing_branches": 0}, "missing_lines": [], "excluded_lines": [], "executed_branches": [[392, 393], [392, 395], [398, 399], [398, 402], [404, 405], [404, 409]], "missing_branches": []}, "": {"executed_lines": [1, 8, 9, 10, 11, 12, 13, 14, 15, 16, 19, 20, 21, 22, 23, 26, 40, 72, 91, 120, 175, 191, 218, 245, 285, 362, 382, 415], "summary": {"covered_lines": 26, "num_statements": 26, "percent_covered": 100.0, "percent_covered_display": "100.00", "missing_lines": 0, "excluded_lines": 2, "num_branches": 0, "num_partial_branches": 0, "covered_branches": 0, "missing_branches": 0}, "missing_lines": [], "excluded_lines": [415, 416], "executed_branches": [], "missing_branches": []}}, "classes": {"": {"executed_lines": [1, 8, 9, 10, 11, 12, 13, 14, 15, 16, 19, 20, 21, 22, 23, 26, 32, 33, 40, 49, 50, 51, 53, 54, 55, 56, 57, 58, 60, 61, 62, 64, 65, 67, 68, 69, 72, 81, 82, 83, 84, 85, 87, 88, 91, 101, 102, 103, 107, 108, 110, 111, 117, 120, 136, 137, 138, 141, 143, 144, 145, 148, 150, 151, 157, 159, 162, 165, 166, 167, 168, 169, 171, 172, 175, 182, 184, 185, 187, 188, 191, 198, 201, 211, 212, 214, 215, 218, 225, 227, 228, 230, 231, 232, 241, 242, 245, 257, 258, 259, 262, 263, 265, 267, 268, 269, 270, 271, 272, 273, 275, 277, 278, 281, 282, 285, 291, 316, 324, 331, 337, 345, 352, 359, 362, 371, 372, 373, 375, 376, 377, 379, 382, 388, 389, 392, 393, 395, 398, 399, 402, 404, 405, 406, 409, 411, 412, 415], "summary": {"covered_lines": 146, "num_statements": 146, "percent_covered": 97.97979797979798, "percent_covered_display": "97.98", "missing_lines": 0, "excluded_lines": 2, "num_branches": 52, "num_partial_branches": 4, "covered_branches": 48, "missing_branches": 4}, "missing_lines": [], "excluded_lines": [415, 416], "executed_branches": [[49, 50], [49, 53], [60, 61], [60, 64], [110, 111], [110, 117], [136, 137], [136, 141], [143, 144], [143, 148], [150, 151], [150, 157], [157, 159], [157, 162], [166, 167], [166, 171], [168, 169], [184, 185], [184, 187], [187, 188], [214, 215], [231, 232], [231, 241], [241, 242], [257, 258], [257, 262], [262, 263], [262, 265], [268, 269], [268, 270], [270, 271], [270, 272], [272, 273], [272, 275], [277, 278], [277, 281], [281, -245], [281, 282], [371, 372], [371, 375], [375, 376], [375, 379], [392, 393], [392, 395], [398, 399], [398, 402], [404, 405], [404, 409]], "missing_branches": [[168, 166], [187, -175], [214, -191], [241, -218]]}}}}, "totals": {"covered_lines": 378, "num_statements": 397, "percent_covered": 93.05301645338209, "percent_covered_display": "93.05", "missing_lines": 19, "excluded_lines": 4, "num_branches": 150, "num_partial_branches": 17, "covered_branches": 131, "missing_branches": 19}}
